2025-03-05 20:57:04,731 INFO [restartedMain] c.n.c.CommunityApplication [StartupInfoLogger.java:53] Starting CommunityApplication using Java 17.0.10 with PID 36492 (E:\javacode\workspace4vscode\nk\community\community\target\classes started by 40782 in E:\javacode\workspace4vscode\nk\community)
2025-03-05 20:57:04,739 INFO [restartedMain] c.n.c.CommunityApplication [SpringApplication.java:652] No active profile set, falling back to 1 default profile: "default"
2025-03-05 20:57:04,784 INFO [restartedMain] o.s.b.d.e.DevToolsPropertyDefaultsPostProcessor [DeferredLog.java:252] Devtools property defaults active! Set 'spring.devtools.add-properties' to 'false' to disable
2025-03-05 20:57:04,784 INFO [restartedMain] o.s.b.d.e.DevToolsPropertyDefaultsPostProcessor [DeferredLog.java:252] For additional web related logging consider setting the 'logging.level.web' property to 'DEBUG'
2025-03-05 20:57:06,266 INFO [restartedMain] o.s.b.w.e.t.TomcatWebServer [TomcatWebServer.java:111] Tomcat initialized with port 8080 (http)
2025-03-05 20:57:06,280 INFO [restartedMain] o.a.c.h.Http11NioProtocol [DirectJDKLog.java:173] Initializing ProtocolHandler ["http-nio-8080"]
2025-03-05 20:57:06,281 INFO [restartedMain] o.a.c.c.StandardService [DirectJDKLog.java:173] Starting service [Tomcat]
2025-03-05 20:57:06,282 INFO [restartedMain] o.a.c.c.StandardEngine [DirectJDKLog.java:173] Starting Servlet engine: [Apache Tomcat/10.1.34]
2025-03-05 20:57:06,364 INFO [restartedMain] o.a.c.c.C.[.[.[/community] [DirectJDKLog.java:173] Initializing Spring embedded WebApplicationContext
2025-03-05 20:57:06,365 INFO [restartedMain] o.s.b.w.s.c.ServletWebServerApplicationContext [ServletWebServerApplicationContext.java:296] Root WebApplicationContext: initialization completed in 1579 ms
2025-03-05 20:57:07,015 INFO [restartedMain] o.s.b.a.w.s.WelcomePageHandlerMapping [WelcomePageHandlerMapping.java:59] Adding welcome page template: index
2025-03-05 20:57:07,636 INFO [restartedMain] o.s.b.d.a.OptionalLiveReloadServer [OptionalLiveReloadServer.java:59] LiveReload server is running on port 35729
2025-03-05 20:57:07,654 INFO [restartedMain] o.a.c.h.Http11NioProtocol [DirectJDKLog.java:173] Starting ProtocolHandler ["http-nio-8080"]
2025-03-05 20:57:07,680 INFO [restartedMain] o.s.b.w.e.t.TomcatWebServer [TomcatWebServer.java:243] Tomcat started on port 8080 (http) with context path '/community'
2025-03-05 20:57:07,688 INFO [restartedMain] c.n.c.CommunityApplication [StartupInfoLogger.java:59] Started CommunityApplication in 3.517 seconds (process running for 4.435)
2025-03-05 20:57:08,281 INFO [http-nio-8080-exec-2] o.a.c.c.C.[.[.[/community] [DirectJDKLog.java:173] Initializing Spring DispatcherServlet 'dispatcherServlet'
2025-03-05 20:57:08,281 INFO [http-nio-8080-exec-2] o.s.w.s.DispatcherServlet [FrameworkServlet.java:532] Initializing Servlet 'dispatcherServlet'
2025-03-05 20:57:08,282 INFO [http-nio-8080-exec-2] o.s.w.s.DispatcherServlet [FrameworkServlet.java:554] Completed initialization in 1 ms
2025-03-05 20:57:53,612 INFO [http-nio-8080-exec-2] c.n.c.a.ServiceLogAspect [ServiceLogAspect.java:36] 用户[0:0:0:0:0:0:0:1],在[2025-03-05 20:57:53],访问了[com.nowcoder.community.service.UserService.login].
2025-03-05 20:57:53,631 INFO [http-nio-8080-exec-2] c.z.h.HikariDataSource [HikariDataSource.java:109] HikariPool-1 - Starting...
2025-03-05 20:57:53,834 INFO [http-nio-8080-exec-2] c.z.h.p.HikariPool [HikariPool.java:554] HikariPool-1 - Added connection com.mysql.cj.jdbc.ConnectionImpl@31ed7116
2025-03-05 20:57:53,836 INFO [http-nio-8080-exec-2] c.z.h.HikariDataSource [HikariDataSource.java:122] HikariPool-1 - Start completed.
2025-03-05 20:57:53,969 INFO [http-nio-8080-exec-3] c.n.c.a.ServiceLogAspect [ServiceLogAspect.java:36] 用户[0:0:0:0:0:0:0:1],在[2025-03-05 20:57:53],访问了[com.nowcoder.community.service.UserService.findLoginTicket].
2025-03-05 20:57:53,972 INFO [http-nio-8080-exec-3] c.n.c.a.ServiceLogAspect [ServiceLogAspect.java:36] 用户[0:0:0:0:0:0:0:1],在[2025-03-05 20:57:53],访问了[com.nowcoder.community.service.UserService.findUserById].
2025-03-05 20:57:53,979 INFO [http-nio-8080-exec-3] c.n.c.a.ServiceLogAspect [ServiceLogAspect.java:36] 用户[0:0:0:0:0:0:0:1],在[2025-03-05 20:57:53],访问了[com.nowcoder.community.service.DiscussPostService.findDiscussPostRows].
2025-03-05 20:57:54,006 INFO [http-nio-8080-exec-3] c.n.c.a.ServiceLogAspect [ServiceLogAspect.java:36] 用户[0:0:0:0:0:0:0:1],在[2025-03-05 20:57:54],访问了[com.nowcoder.community.service.DiscussPostService.findDiscussPosts].
2025-03-05 20:57:54,012 INFO [http-nio-8080-exec-3] c.n.c.a.ServiceLogAspect [ServiceLogAspect.java:36] 用户[0:0:0:0:0:0:0:1],在[2025-03-05 20:57:54],访问了[com.nowcoder.community.service.UserService.findUserById].
2025-03-05 20:57:54,014 INFO [http-nio-8080-exec-3] c.n.c.a.ServiceLogAspect [ServiceLogAspect.java:36] 用户[0:0:0:0:0:0:0:1],在[2025-03-05 20:57:54],访问了[com.nowcoder.community.service.UserService.findUserById].
2025-03-05 20:57:54,015 INFO [http-nio-8080-exec-3] c.n.c.a.ServiceLogAspect [ServiceLogAspect.java:36] 用户[0:0:0:0:0:0:0:1],在[2025-03-05 20:57:54],访问了[com.nowcoder.community.service.UserService.findUserById].
2025-03-05 20:57:54,016 INFO [http-nio-8080-exec-3] c.n.c.a.ServiceLogAspect [ServiceLogAspect.java:36] 用户[0:0:0:0:0:0:0:1],在[2025-03-05 20:57:54],访问了[com.nowcoder.community.service.UserService.findUserById].
2025-03-05 20:57:54,017 INFO [http-nio-8080-exec-3] c.n.c.a.ServiceLogAspect [ServiceLogAspect.java:36] 用户[0:0:0:0:0:0:0:1],在[2025-03-05 20:57:54],访问了[com.nowcoder.community.service.UserService.findUserById].
2025-03-05 20:57:54,018 INFO [http-nio-8080-exec-3] c.n.c.a.ServiceLogAspect [ServiceLogAspect.java:36] 用户[0:0:0:0:0:0:0:1],在[2025-03-05 20:57:54],访问了[com.nowcoder.community.service.UserService.findUserById].
2025-03-05 20:57:54,020 INFO [http-nio-8080-exec-3] c.n.c.a.ServiceLogAspect [ServiceLogAspect.java:36] 用户[0:0:0:0:0:0:0:1],在[2025-03-05 20:57:54],访问了[com.nowcoder.community.service.UserService.findUserById].
2025-03-05 20:57:54,021 INFO [http-nio-8080-exec-3] c.n.c.a.ServiceLogAspect [ServiceLogAspect.java:36] 用户[0:0:0:0:0:0:0:1],在[2025-03-05 20:57:54],访问了[com.nowcoder.community.service.UserService.findUserById].
2025-03-05 20:57:54,023 INFO [http-nio-8080-exec-3] c.n.c.a.ServiceLogAspect [ServiceLogAspect.java:36] 用户[0:0:0:0:0:0:0:1],在[2025-03-05 20:57:54],访问了[com.nowcoder.community.service.UserService.findUserById].
2025-03-05 20:57:54,024 INFO [http-nio-8080-exec-3] c.n.c.a.ServiceLogAspect [ServiceLogAspect.java:36] 用户[0:0:0:0:0:0:0:1],在[2025-03-05 20:57:54],访问了[com.nowcoder.community.service.UserService.findUserById].
2025-03-05 20:58:21,067 INFO [http-nio-8080-exec-7] c.n.c.a.ServiceLogAspect [ServiceLogAspect.java:36] 用户[0:0:0:0:0:0:0:1],在[2025-03-05 20:58:21],访问了[com.nowcoder.community.service.UserService.findLoginTicket].
2025-03-05 20:58:21,071 INFO [http-nio-8080-exec-7] c.n.c.a.ServiceLogAspect [ServiceLogAspect.java:36] 用户[0:0:0:0:0:0:0:1],在[2025-03-05 20:58:21],访问了[com.nowcoder.community.service.UserService.findUserById].
2025-03-05 20:58:21,073 INFO [http-nio-8080-exec-7] c.n.c.a.ServiceLogAspect [ServiceLogAspect.java:36] 用户[0:0:0:0:0:0:0:1],在[2025-03-05 20:58:21],访问了[com.nowcoder.community.service.DiscussPostService.findDiscussPostRows].
2025-03-05 20:58:21,074 INFO [http-nio-8080-exec-7] c.n.c.a.ServiceLogAspect [ServiceLogAspect.java:36] 用户[0:0:0:0:0:0:0:1],在[2025-03-05 20:58:21],访问了[com.nowcoder.community.service.DiscussPostService.findDiscussPosts].
2025-03-05 20:58:21,079 INFO [http-nio-8080-exec-7] c.n.c.a.ServiceLogAspect [ServiceLogAspect.java:36] 用户[0:0:0:0:0:0:0:1],在[2025-03-05 20:58:21],访问了[com.nowcoder.community.service.UserService.findUserById].
2025-03-05 20:58:21,080 INFO [http-nio-8080-exec-7] c.n.c.a.ServiceLogAspect [ServiceLogAspect.java:36] 用户[0:0:0:0:0:0:0:1],在[2025-03-05 20:58:21],访问了[com.nowcoder.community.service.UserService.findUserById].
2025-03-05 20:58:21,081 INFO [http-nio-8080-exec-7] c.n.c.a.ServiceLogAspect [ServiceLogAspect.java:36] 用户[0:0:0:0:0:0:0:1],在[2025-03-05 20:58:21],访问了[com.nowcoder.community.service.UserService.findUserById].
2025-03-05 20:58:21,084 INFO [http-nio-8080-exec-7] c.n.c.a.ServiceLogAspect [ServiceLogAspect.java:36] 用户[0:0:0:0:0:0:0:1],在[2025-03-05 20:58:21],访问了[com.nowcoder.community.service.UserService.findUserById].
2025-03-05 20:58:21,085 INFO [http-nio-8080-exec-7] c.n.c.a.ServiceLogAspect [ServiceLogAspect.java:36] 用户[0:0:0:0:0:0:0:1],在[2025-03-05 20:58:21],访问了[com.nowcoder.community.service.UserService.findUserById].
2025-03-05 20:58:21,086 INFO [http-nio-8080-exec-7] c.n.c.a.ServiceLogAspect [ServiceLogAspect.java:36] 用户[0:0:0:0:0:0:0:1],在[2025-03-05 20:58:21],访问了[com.nowcoder.community.service.UserService.findUserById].
2025-03-05 20:58:21,087 INFO [http-nio-8080-exec-7] c.n.c.a.ServiceLogAspect [ServiceLogAspect.java:36] 用户[0:0:0:0:0:0:0:1],在[2025-03-05 20:58:21],访问了[com.nowcoder.community.service.UserService.findUserById].
2025-03-05 20:58:21,088 INFO [http-nio-8080-exec-7] c.n.c.a.ServiceLogAspect [ServiceLogAspect.java:36] 用户[0:0:0:0:0:0:0:1],在[2025-03-05 20:58:21],访问了[com.nowcoder.community.service.UserService.findUserById].
2025-03-05 20:58:21,089 INFO [http-nio-8080-exec-7] c.n.c.a.ServiceLogAspect [ServiceLogAspect.java:36] 用户[0:0:0:0:0:0:0:1],在[2025-03-05 20:58:21],访问了[com.nowcoder.community.service.UserService.findUserById].
2025-03-05 20:58:21,090 INFO [http-nio-8080-exec-7] c.n.c.a.ServiceLogAspect [ServiceLogAspect.java:36] 用户[0:0:0:0:0:0:0:1],在[2025-03-05 20:58:21],访问了[com.nowcoder.community.service.UserService.findUserById].
2025-03-05 22:56:32,775 INFO [SpringApplicationShutdownHook] o.s.b.w.e.t.GracefulShutdown [GracefulShutdown.java:54] Commencing graceful shutdown. Waiting for active requests to complete
2025-03-05 22:56:32,921 INFO [tomcat-shutdown] o.s.b.w.e.t.GracefulShutdown [GracefulShutdown.java:76] Graceful shutdown complete
2025-03-05 22:56:32,974 INFO [SpringApplicationShutdownHook] c.z.h.HikariDataSource [HikariDataSource.java:349] HikariPool-1 - Shutdown initiated...
2025-03-05 22:56:32,986 INFO [SpringApplicationShutdownHook] c.z.h.HikariDataSource [HikariDataSource.java:351] HikariPool-1 - Shutdown completed.
