2025-03-01 17:51:11,010 INFO [main] c.n.c.SensitiveTests [StartupInfoLogger.java:53] Starting SensitiveTests using Java 17.0.10 with PID 26464 (started by 40782 in E:\javacode\workspace4vscode\nk\community\community)
2025-03-01 17:51:11,018 INFO [main] c.n.c.SensitiveTests [SpringApplication.java:652] No active profile set, falling back to 1 default profile: "default"
2025-03-01 17:51:13,080 INFO [main] o.s.b.a.w.s.WelcomePageHandlerMapping [WelcomePageHandlerMapping.java:59] Adding welcome page template: index
2025-03-01 17:51:13,597 INFO [main] c.n.c.SensitiveTests [StartupInfoLogger.java:59] Started SensitiveTests in 3.176 seconds (process running for 4.343)
2025-03-01 19:17:07,847 INFO [restartedMain] c.n.c.CommunityApplication [StartupInfoLogger.java:53] Starting CommunityApplication using Java 17.0.10 with PID 16812 (E:\javacode\workspace4vscode\nk\community\community\target\classes started by 40782 in E:\javacode\workspace4vscode\nk\community)
2025-03-01 19:17:07,852 INFO [restartedMain] c.n.c.CommunityApplication [SpringApplication.java:652] No active profile set, falling back to 1 default profile: "default"
2025-03-01 19:17:07,927 INFO [restartedMain] o.s.b.d.e.DevToolsPropertyDefaultsPostProcessor [DeferredLog.java:252] Devtools property defaults active! Set 'spring.devtools.add-properties' to 'false' to disable
2025-03-01 19:17:07,928 INFO [restartedMain] o.s.b.d.e.DevToolsPropertyDefaultsPostProcessor [DeferredLog.java:252] For additional web related logging consider setting the 'logging.level.web' property to 'DEBUG'
2025-03-01 19:17:09,505 INFO [restartedMain] o.s.b.w.e.t.TomcatWebServer [TomcatWebServer.java:111] Tomcat initialized with port 8080 (http)
2025-03-01 19:17:09,520 INFO [restartedMain] o.a.c.h.Http11NioProtocol [DirectJDKLog.java:173] Initializing ProtocolHandler ["http-nio-8080"]
2025-03-01 19:17:09,522 INFO [restartedMain] o.a.c.c.StandardService [DirectJDKLog.java:173] Starting service [Tomcat]
2025-03-01 19:17:09,522 INFO [restartedMain] o.a.c.c.StandardEngine [DirectJDKLog.java:173] Starting Servlet engine: [Apache Tomcat/10.1.34]
2025-03-01 19:17:09,619 INFO [restartedMain] o.a.c.c.C.[.[.[/community] [DirectJDKLog.java:173] Initializing Spring embedded WebApplicationContext
2025-03-01 19:17:09,619 INFO [restartedMain] o.s.b.w.s.c.ServletWebServerApplicationContext [ServletWebServerApplicationContext.java:296] Root WebApplicationContext: initialization completed in 1689 ms
2025-03-01 19:17:10,202 INFO [restartedMain] o.s.b.a.w.s.WelcomePageHandlerMapping [WelcomePageHandlerMapping.java:59] Adding welcome page template: index
2025-03-01 19:17:10,617 INFO [restartedMain] o.s.b.d.a.OptionalLiveReloadServer [OptionalLiveReloadServer.java:59] LiveReload server is running on port 35729
2025-03-01 19:17:10,633 INFO [restartedMain] o.a.c.h.Http11NioProtocol [DirectJDKLog.java:173] Starting ProtocolHandler ["http-nio-8080"]
2025-03-01 19:17:10,657 INFO [restartedMain] o.s.b.w.e.t.TomcatWebServer [TomcatWebServer.java:243] Tomcat started on port 8080 (http) with context path '/community'
2025-03-01 19:17:10,666 INFO [restartedMain] c.n.c.CommunityApplication [StartupInfoLogger.java:59] Started CommunityApplication in 3.736 seconds (process running for 5.024)
2025-03-01 19:17:25,063 INFO [http-nio-8080-exec-1] o.a.c.c.C.[.[.[/community] [DirectJDKLog.java:173] Initializing Spring DispatcherServlet 'dispatcherServlet'
2025-03-01 19:17:25,064 INFO [http-nio-8080-exec-1] o.s.w.s.DispatcherServlet [FrameworkServlet.java:532] Initializing Servlet 'dispatcherServlet'
2025-03-01 19:17:25,065 INFO [http-nio-8080-exec-1] o.s.w.s.DispatcherServlet [FrameworkServlet.java:554] Completed initialization in 1 ms
2025-03-01 19:17:25,121 INFO [http-nio-8080-exec-1] c.z.h.HikariDataSource [HikariDataSource.java:109] HikariPool-1 - Starting...
2025-03-01 19:17:25,333 INFO [http-nio-8080-exec-1] c.z.h.p.HikariPool [HikariPool.java:554] HikariPool-1 - Added connection com.mysql.cj.jdbc.ConnectionImpl@5be63464
2025-03-01 19:17:25,336 INFO [http-nio-8080-exec-1] c.z.h.HikariDataSource [HikariDataSource.java:122] HikariPool-1 - Start completed.
2025-03-01 19:18:02,984 INFO [SpringApplicationShutdownHook] o.s.b.w.e.t.GracefulShutdown [GracefulShutdown.java:54] Commencing graceful shutdown. Waiting for active requests to complete
2025-03-01 19:18:03,127 INFO [tomcat-shutdown] o.s.b.w.e.t.GracefulShutdown [GracefulShutdown.java:76] Graceful shutdown complete
2025-03-01 19:18:03,135 INFO [SpringApplicationShutdownHook] c.z.h.HikariDataSource [HikariDataSource.java:349] HikariPool-1 - Shutdown initiated...
2025-03-01 19:18:03,143 INFO [SpringApplicationShutdownHook] c.z.h.HikariDataSource [HikariDataSource.java:351] HikariPool-1 - Shutdown completed.
